[13:01:03] [main/INFO] (GameRemapper) Found mapped jar cache
[13:01:03] [main/INFO] (fishmodloader) Loading 6 mods: 
	- fishmodloader 3.3.2
	- java 17
	- many-lib 2.2.0
	- mite 1.6.4
	- mitefreelook 1.0.0
	- modmenu 1.0.0
[13:01:04] [main/INFO] (Mixin) SpongePowered MIXIN Subsystem Version=0.8.5 Source=file:/C:/Users/jeffrey/Documents/MiTE%20DEV/ENV/libs/FishModLoader-v3.3.2.jar Service=Knot/FishModLoader Env=CLIENT
[13:01:04] [main/DEBUG] (Mixin) Error cleaning class output directory: .mixin.out
[13:01:04] [main/DEBUG] (Mixin) Initialising Mixin Platform Manager
[13:01:04] [main/DEBUG] (Mixin) Adding mixin platform agents for container ContainerHandleURI(file:///C:/Users/jeffrey/Documents/MiTE%20DEV/ENV/libs/FishModLoader-v3.3.2.jar)
[13:01:04] [main/DEBUG] (Mixin) Instancing new MixinPlatformAgentDefault for ContainerHandleURI(file:///C:/Users/jeffrey/Documents/MiTE%20DEV/ENV/libs/FishModLoader-v3.3.2.jar)
[13:01:04] [main/DEBUG] (Mixin) MixinPlatformAgentDefault accepted container ContainerHandleURI(file:///C:/Users/jeffrey/Documents/MiTE%20DEV/ENV/libs/FishModLoader-v3.3.2.jar)
[13:01:04] [main/DEBUG] (Mixin) Instancing new MixinPlatformAgentDefault for ContainerHandleURI(file:///C:/Users/jeffrey/Documents/MiTE%20DEV/ENV/libs/FishModLoader-v3.3.2.jar)
[13:01:04] [main/DEBUG] (Mixin) MixinPlatformAgentDefault accepted container ContainerHandleURI(file:///C:/Users/jeffrey/Documents/MiTE%20DEV/ENV/libs/FishModLoader-v3.3.2.jar)
[13:01:04] [main/DEBUG] (Mixin) Processing prepare() for PlatformAgent[MixinPlatformAgentDefault:ContainerHandleURI(file:///C:/Users/jeffrey/Documents/MiTE%20DEV/ENV/libs/FishModLoader-v3.3.2.jar)]
[13:01:04] [main/DEBUG] (Mixin) Processing prepare() for PlatformAgent[MixinPlatformAgentDefault:ContainerHandleURI(file:///C:/Users/jeffrey/Documents/MiTE%20DEV/ENV/libs/FishModLoader-v3.3.2.jar)]
[13:01:04] [main/INFO] (fishmodloader) Registering mixin class:api.ItemToolMixin for fishmodloader
[13:01:04] [main/INFO] (fishmodloader) Registering mixin class:client.ClientPlayerMixin for fishmodloader
[13:01:04] [main/INFO] (fishmodloader) Registering mixin class:client.DefaultResourcePackMixin for fishmodloader
[13:01:04] [main/INFO] (fishmodloader) Registering mixin class:client.MainMenuMixin for fishmodloader
[13:01:04] [main/INFO] (fishmodloader) Registering mixin class:client.RenderFix for fishmodloader
[13:01:04] [main/INFO] (fishmodloader) Registering mixin class:client.SimpleResourceManagerMixin for fishmodloader
[13:01:04] [main/INFO] (fishmodloader) Registering mixin class:client.TileEntityRendererMixin for fishmodloader
[13:01:04] [main/INFO] (fishmodloader) Registering mixin class:CommandHandlerTrans for fishmodloader
[13:01:04] [main/INFO] (fishmodloader) Registering mixin class:entrypoint.ClientEntrypointMixin for fishmodloader
[13:01:04] [main/INFO] (fishmodloader) Registering mixin class:entrypoint.ServerEntrypointMixin for fishmodloader
[13:01:04] [main/INFO] (fishmodloader) Registering mixin class:enum_extend.EnumActionMixin for fishmodloader
[13:01:04] [main/INFO] (fishmodloader) Registering mixin class:enum_extend.EnumArtMixin for fishmodloader
[13:01:04] [main/INFO] (fishmodloader) Registering mixin class:enum_extend.EnumBlockBreakReasonMixin for fishmodloader
[13:01:04] [main/INFO] (fishmodloader) Registering mixin class:enum_extend.EnumBlockFXMixin for fishmodloader
[13:01:04] [main/INFO] (fishmodloader) Registering mixin class:enum_extend.EnumBlockOperationMixin for fishmodloader
[13:01:04] [main/INFO] (fishmodloader) Registering mixin class:enum_extend.EnumChatFormattingMixin for fishmodloader
[13:01:04] [main/INFO] (fishmodloader) Registering mixin class:enum_extend.EnumChestTypeMixin for fishmodloader
[13:01:04] [main/INFO] (fishmodloader) Registering mixin class:enum_extend.EnumCommandMixin for fishmodloader
[13:01:04] [main/INFO] (fishmodloader) Registering mixin class:enum_extend.EnumConsciousStateMixin for fishmodloader
[13:01:04] [main/INFO] (fishmodloader) Registering mixin class:enum_extend.EnumCreatureAttributeMixin for fishmodloader
[13:01:04] [main/INFO] (fishmodloader) Registering mixin class:enum_extend.EnumCreatureTypeMixin for fishmodloader
[13:01:04] [main/INFO] (fishmodloader) Registering mixin class:enum_extend.EnumDirectionMixin for fishmodloader
[13:01:04] [main/INFO] (fishmodloader) Registering mixin class:enum_extend.EnumDoorMixin for fishmodloader
[13:01:04] [main/INFO] (fishmodloader) Registering mixin class:enum_extend.EnumEnchantmentTypeMixin for fishmodloader
[13:01:04] [main/INFO] (fishmodloader) Registering mixin class:enum_extend.EnumEntityFXMixin for fishmodloader
[13:01:04] [main/INFO] (fishmodloader) Registering mixin class:enum_extend.EnumEntityReachContextMixin for fishmodloader
[13:01:04] [main/INFO] (fishmodloader) Registering mixin class:enum_extend.EnumEntitySizeMixin for fishmodloader
[13:01:04] [main/INFO] (fishmodloader) Registering mixin class:enum_extend.EnumEntityStateMixin for fishmodloader
[13:01:04] [main/INFO] (fishmodloader) Registering mixin class:enum_extend.EnumEquipmentMixin for fishmodloader
[13:01:04] [main/INFO] (fishmodloader) Registering mixin class:enum_extend.EnumFaceMixin for fishmodloader
[13:01:04] [main/INFO] (fishmodloader) Registering mixin class:enum_extend.EnumFacingMixin for fishmodloader
[13:01:04] [main/INFO] (fishmodloader) Registering mixin class:enum_extend.EnumGameTypeMixin for fishmodloader
[13:01:04] [main/INFO] (fishmodloader) Registering mixin class:enum_extend.EnumInsulinResistanceLevelMixin for fishmodloader
[13:01:04] [main/INFO] (fishmodloader) Registering mixin class:enum_extend.EnumItemInUseActionMixin for fishmodloader
[13:01:04] [main/INFO] (fishmodloader) Registering mixin class:enum_extend.EnumLevelBonusMixin for fishmodloader
[13:01:04] [main/INFO] (fishmodloader) Registering mixin class:enum_extend.EnumMaterialHardnessMixin for fishmodloader
[13:01:04] [main/INFO] (fishmodloader) Registering mixin class:enum_extend.EnumMobTypeMixin for fishmodloader
[13:01:04] [main/INFO] (fishmodloader) Registering mixin class:enum_extend.EnumMovingObjectTypeMixin for fishmodloader
[13:01:04] [main/INFO] (fishmodloader) Registering mixin class:enum_extend.EnumOptionsMixin for fishmodloader
[13:01:04] [main/INFO] (fishmodloader) Registering mixin class:enum_extend.EnumOSMixin for fishmodloader
[13:01:04] [main/INFO] (fishmodloader) Registering mixin class:enum_extend.EnumParticleMixin for fishmodloader
[13:01:04] [main/INFO] (fishmodloader) Registering mixin class:enum_extend.EnumQualityMixin for fishmodloader
[13:01:04] [main/INFO] (fishmodloader) Registering mixin class:enum_extend.EnumRarityMixin for fishmodloader
[13:01:04] [main/INFO] (fishmodloader) Registering mixin class:enum_extend.EnumSideMixin for fishmodloader
[13:01:04] [main/INFO] (fishmodloader) Registering mixin class:enum_extend.EnumSignalMixin for fishmodloader
[13:01:04] [main/INFO] (fishmodloader) Registering mixin class:enum_extend.EnumSkyBlockMixin for fishmodloader
[13:01:04] [main/INFO] (fishmodloader) Registering mixin class:enum_extend.EnumSpecialSplashMixin for fishmodloader
[13:01:04] [main/INFO] (fishmodloader) Registering mixin class:enum_extend.EnumStatusMixin for fishmodloader
[13:01:04] [main/INFO] (fishmodloader) Registering mixin class:enum_extend.EnumToolMaterialMixin for fishmodloader
[13:01:04] [main/INFO] (fishmodloader) Registering mixin class:enum_extend.EnumTournamentTypeMixin for fishmodloader
[13:01:04] [main/INFO] (fishmodloader) Registering mixin class:fix.AllowedCharFix for fishmodloader
[13:01:04] [main/INFO] (fishmodloader) Registering mixin class:fix.ChatFix for fishmodloader
[13:01:04] [main/INFO] (fishmodloader) Registering mixin class:fix.EnchantmentPiercingTranslationFix for fishmodloader
[13:01:04] [main/INFO] (fishmodloader) Registering mixin class:fix.FixAnvilStackCrash for fishmodloader
[13:01:04] [main/INFO] (fishmodloader) Registering mixin class:fix.FixBoundingBoxCheck for fishmodloader
[13:01:04] [main/INFO] (fishmodloader) Registering mixin class:fix.FixCrash2 for fishmodloader
[13:01:04] [main/INFO] (fishmodloader) Registering mixin class:fix.FixMinecart for fishmodloader
[13:01:04] [main/INFO] (fishmodloader) Registering mixin class:fix.FixServerCrash for fishmodloader
[13:01:04] [main/INFO] (fishmodloader) Registering mixin class:fix.fix_creative_inv.ContainerCreativeMixin for fishmodloader
[13:01:04] [main/INFO] (fishmodloader) Registering mixin class:fix.fix_creative_inv.GuiCreativeMixin for fishmodloader
[13:01:04] [main/INFO] (fishmodloader) Registering mixin class:fix.fix_creative_inv.SlotCreativeInvMixin for fishmodloader
[13:01:04] [main/INFO] (fishmodloader) Registering mixin class:fix.fix_minecart.EntityMinecartChestTrans for fishmodloader
[13:01:04] [main/INFO] (fishmodloader) Registering mixin class:fix.fix_minecart.EntityMinecartContainerMixin for fishmodloader
[13:01:04] [main/INFO] (fishmodloader) Registering mixin class:fix.fix_recipe.ItemMixin for fishmodloader
[13:01:04] [main/INFO] (fishmodloader) Registering mixin class:fix.fix_recipe.RecipeHelperMixin for fishmodloader
[13:01:04] [main/INFO] (fishmodloader) Registering mixin class:fix.FpsUnlimit2 for fishmodloader
[13:01:04] [main/INFO] (fishmodloader) Registering mixin class:fix.FpsUnlimited for fishmodloader
[13:01:04] [main/INFO] (fishmodloader) Registering mixin class:fix.RedstoneTorchFix for fishmodloader
[13:01:04] [main/INFO] (fishmodloader) Registering mixin class:fix.skin.SkinFixTransform for fishmodloader
[13:01:04] [main/INFO] (fishmodloader) Registering mixin class:fix.skin.ThreadDownloadImageDataAccessor for fishmodloader
[13:01:04] [main/INFO] (fishmodloader) Registering mixin class:fix.WeaponDamageTranslationFix for fishmodloader
[13:01:04] [main/INFO] (fishmodloader) Registering mixin class:id_extend.BipedRendererMixin for fishmodloader
[13:01:04] [main/INFO] (fishmodloader) Registering mixin class:id_extend.BlockFireMixin for fishmodloader
[13:01:04] [main/INFO] (fishmodloader) Registering mixin class:id_extend.BlockMixin for fishmodloader
[13:01:04] [main/INFO] (fishmodloader) Registering mixin class:id_extend.ChunkMixin for fishmodloader
[13:01:04] [main/INFO] (fishmodloader) Registering mixin class:id_extend.ChunkRegionLoaderMixin for fishmodloader
[13:01:04] [main/INFO] (fishmodloader) Registering mixin class:id_extend.ChunkSectionMixin for fishmodloader
[13:01:04] [main/INFO] (fishmodloader) Registering mixin class:id_extend.EndermanMixin for fishmodloader
[13:01:04] [main/INFO] (fishmodloader) Registering mixin class:id_extend.EntityItemMixin for fishmodloader
[13:01:04] [main/INFO] (fishmodloader) Registering mixin class:id_extend.ItemBlockMixin for fishmodloader
[13:01:04] [main/INFO] (fishmodloader) Registering mixin class:id_extend.ItemMapMixin for fishmodloader
[13:01:04] [main/INFO] (fishmodloader) Registering mixin class:id_extend.ItemMixin for fishmodloader
[13:01:04] [main/INFO] (fishmodloader) Registering mixin class:id_extend.ItemStackMixin for fishmodloader
[13:01:04] [main/INFO] (fishmodloader) Registering mixin class:id_extend.MinecraftMixin for fishmodloader
[13:01:04] [main/INFO] (fishmodloader) Registering mixin class:id_extend.NetClientHandlerMixin for fishmodloader
[13:01:04] [main/INFO] (fishmodloader) Registering mixin class:id_extend.PacketMultiBlockChangeMixin for fishmodloader
[13:01:04] [main/INFO] (fishmodloader) Registering mixin class:id_extend.PlayerRendererMixin for fishmodloader
[13:01:04] [main/INFO] (fishmodloader) Registering mixin class:id_extend.PotionMixin for fishmodloader
[13:01:04] [main/INFO] (fishmodloader) Registering mixin class:id_extend.RecipeHelperMixin for fishmodloader
[13:01:04] [main/INFO] (fishmodloader) Registering mixin class:id_extend.ReferenceFileWriterMixin for fishmodloader
[13:01:04] [main/INFO] (fishmodloader) Registering mixin class:id_extend.SnowManRendererMixin for fishmodloader
[13:01:04] [main/INFO] (fishmodloader) Registering mixin class:id_extend.StatisticMixin for fishmodloader
[13:01:04] [main/INFO] (fishmodloader) Registering mixin class:id_extend.WitchRendererMixin for fishmodloader
[13:01:04] [main/INFO] (fishmodloader) Registering mixin class:id_extend.WorldMixin for fishmodloader
[13:01:04] [main/INFO] (fishmodloader) Registering mixin class:LanguageLoaderTrans for fishmodloader
[13:01:04] [main/INFO] (fishmodloader) Registering mixin class:LocaleLanguageTrans for fishmodloader
[13:01:04] [main/INFO] (fishmodloader) Registering mixin class:MinecraftServerTrans for fishmodloader
[13:01:04] [main/INFO] (fishmodloader) Registering mixin class:MinecraftTrans for fishmodloader
[13:01:04] [main/INFO] (fishmodloader) Registering mixin class:network.Packet2ClientProtocolTrans for fishmodloader
[13:01:04] [main/INFO] (fishmodloader) Registering mixin class:network.PacketTrans for fishmodloader
[13:01:04] [main/INFO] (fishmodloader) Registering mixin class:network.PendingConnectionTransform for fishmodloader
[13:01:04] [main/INFO] (fishmodloader) Registering mixin class:registry.EnchantmentRegisterMixin for fishmodloader
[13:01:04] [main/INFO] (fishmodloader) Registering mixin class:registry.EntityRegistryMixin for fishmodloader
[13:01:04] [main/INFO] (fishmodloader) Registering mixin class:registry.EntityRendererRegisterMixin for fishmodloader
[13:01:04] [main/INFO] (fishmodloader) Registering mixin class:registry.ItemBlockRecipeRegistryMixin for fishmodloader
[13:01:04] [main/INFO] (fishmodloader) Registering mixin class:registry.ServerCommandManagerMixin for fishmodloader
[13:01:04] [main/INFO] (fishmodloader) Registering mixin class:registry.SoundsRegistryMixin for fishmodloader
[13:01:04] [main/INFO] (fishmodloader) Registering mixin class:registry.TileEntityRegistryMixin for fishmodloader
[13:01:04] [main/INFO] (fishmodloader) Registering mixin class:save_version.WorldInfoMixin for fishmodloader
[13:01:04] [main/INFO] (fishmodloader) Registering mixin class:StringTranslateAccessor for fishmodloader
[13:01:04] [main/INFO] (fishmodloader) Registering mixin class:util.BlockAccessor for fishmodloader
[13:01:04] [main/INFO] (fishmodloader) Registering mixin class:util.BlockMixin for fishmodloader
[13:01:04] [main/INFO] (fishmodloader) Registering mixin class:util.CraftingManagerInvoker for fishmodloader
[13:01:04] [main/INFO] (fishmodloader) Registering mixin class:util.DebugAttackTrans for fishmodloader
[13:01:04] [main/INFO] (fishmodloader) Registering mixin class:util.EntityHumanTrans for fishmodloader
[13:01:04] [main/INFO] (fishmodloader) Registering mixin class:util.EntityLivestockAccessor for fishmodloader
[13:01:04] [main/INFO] (fishmodloader) Registering mixin class:util.EntityMixin for fishmodloader
[13:01:04] [main/INFO] (fishmodloader) Registering mixin class:util.EnumCommandAccessor for fishmodloader
[13:01:04] [main/INFO] (fishmodloader) Registering mixin class:util.ItemMixin for fishmodloader
[13:01:04] [main/INFO] (fishmodloader) Registering mixin class:util.LogTransform for fishmodloader
[13:01:04] [main/INFO] (fishmodloader) Registering mixin class:util.SkillAccessor for fishmodloader
[13:01:04] [main/INFO] (fishmodloader) Registering mixin class:util.WorldAccessor for fishmodloader
[13:01:04] [main/INFO] (fishmodloader) Registering mixin class:util.WorldServerAccessor for fishmodloader
[13:01:04] [main/DEBUG] (Mixin) Compatibility level JAVA_17 specified by fishmodloader is higher than the maximum level supported by this version of mixin (JAVA_13).
[13:01:04] [main/INFO] (Mixin) Compatibility level set to JAVA_17
[13:01:04] [main/DEBUG] (Mixin) Initialising Mixin Platform Manager
[13:01:04] [main/INFO] (fishmodloader) Starting Minecraft
[13:01:04] [main/DEBUG] (Mixin) Processing launch tasks for PlatformAgent[MixinPlatformAgentDefault:ContainerHandleURI(file:///C:/Users/jeffrey/Documents/MiTE%20DEV/ENV/libs/FishModLoader-v3.3.2.jar)]
[13:01:04] [main/DEBUG] (Mixin) Processing launch tasks for PlatformAgent[MixinPlatformAgentDefault:ContainerHandleURI(file:///C:/Users/jeffrey/Documents/MiTE%20DEV/ENV/libs/FishModLoader-v3.3.2.jar)]
[13:01:04] [main/DEBUG] (Mixin) inject() running with 1 agents
[13:01:04] [main/DEBUG] (Mixin) Processing inject() for PlatformAgent[MixinPlatformAgentDefault:ContainerHandleURI(file:///C:/Users/jeffrey/Documents/MiTE%20DEV/ENV/libs/FishModLoader-v3.3.2.jar)]
[13:01:04] [main/DEBUG] (Mixin) Processing inject() for PlatformAgent[MixinPlatformAgentDefault:ContainerHandleURI(file:///C:/Users/jeffrey/Documents/MiTE%20DEV/ENV/libs/FishModLoader-v3.3.2.jar)]
[13:01:04] [main/DEBUG] (Mixin) com.llamalad7.mixinextras.service.MixinExtrasServiceImpl(version=0.3.5) is taking over from null
[13:01:04] [main/DEBUG] (Mixin) Registering new injector for @Inject with org.spongepowered.asm.mixin.injection.struct.CallbackInjectionInfo
[13:01:04] [main/DEBUG] (Mixin) Registering new injector for @ModifyArg with org.spongepowered.asm.mixin.injection.struct.ModifyArgInjectionInfo
[13:01:04] [main/DEBUG] (Mixin) Registering new injector for @ModifyArgs with org.spongepowered.asm.mixin.injection.struct.ModifyArgsInjectionInfo
[13:01:04] [main/DEBUG] (Mixin) Registering new injector for @Redirect with org.spongepowered.asm.mixin.injection.struct.RedirectInjectionInfo
[13:01:04] [main/DEBUG] (Mixin) Registering new injector for @ModifyVariable with org.spongepowered.asm.mixin.injection.struct.ModifyVariableInjectionInfo
[13:01:04] [main/DEBUG] (Mixin) Registering new injector for @ModifyConstant with org.spongepowered.asm.mixin.injection.struct.ModifyConstantInjectionInfo
[13:01:04] [main/INFO] (Mixin) Preparing mixins for MixinEnvironment[DEFAULT]
[13:01:04] [main/INFO] (Mixin) Selecting config fishmodloader
[13:01:04] [main/INFO] (Mixin) Selecting config ManyLib.mixins.json
[13:01:04] [main/INFO] (Mixin) Selecting config freelook.mixins.json
[13:01:04] [main/INFO] (Mixin) Selecting config mixins.modmenu.json
[13:01:04] [main/INFO] (Mixin) Preparing fishmodloader (123)
[13:01:04] [main/INFO] (fishmodloader) [AW] Widened class: net.minecraft.GuiScreen
[13:01:04] [main/INFO] (fishmodloader) [AW] Widened class: net.minecraft.Block
[13:01:04] [main/INFO] (fishmodloader) [AW] Widened class: net.minecraft.CraftingManager
[13:01:04] [main/INFO] (Mixin) Preparing ManyLib.mixins.json (6)
[13:01:04] [main/INFO] (fishmodloader) [AW] Widened class: net.minecraft.GuiTextField
[13:01:04] [main/INFO] (Mixin) Preparing freelook.mixins.json (0)
[13:01:04] [main/INFO] (Mixin) Preparing mixins.modmenu.json (4)
[13:01:04] [main/INFO] (fishmodloader) [AW] Widened class: net.minecraft.GuiButton
[13:01:04] [main/INFO] (Mixin) Prepared 132 mixins in 0.303 sec (2.3ms avg) (0ms load, 0ms transform, 0ms plugin)
[13:01:04] [main/INFO] (Mixin) Initializing MixinExtras via com.llamalad7.mixinextras.service.MixinExtrasServiceImpl(version=0.3.5).
[13:01:04] [main/DEBUG] (Mixin) Registering new injector for @SugarWrapper with com.llamalad7.mixinextras.sugar.impl.SugarWrapperInjectionInfo
[13:01:04] [main/DEBUG] (Mixin) Registering new injector for @FactoryRedirectWrapper with com.llamalad7.mixinextras.wrapper.factory.FactoryRedirectWrapperInjectionInfo
[13:01:04] [main/DEBUG] (Mixin) Mixing entrypoint.ClientEntrypointMixin from fishmodloader into net.minecraft.client.main.Main
[13:01:04] [main/DEBUG] (Mixin) Renaming synthetic method lambda$injectMain$1(Lnet/fabricmc/api/ModInitializer;)V to md3b0c8a$lambda$injectMain$1$0 in fishmodloader:entrypoint.ClientEntrypointMixin
[13:01:04] [main/DEBUG] (Mixin) Renaming synthetic method lambda$injectMain$0(Lnet/xiaoyu233/fml/config/ConfigRegistry;)V to md3b0c8a$lambda$injectMain$0$1 in fishmodloader:entrypoint.ClientEntrypointMixin
[13:01:04] [main/DEBUG] (Mixin) Mixing network.PacketTrans from fishmodloader into net.minecraft.Packet
[13:01:04] [main/DEBUG] (Mixin) Mixing fix.FixCrash2 from fishmodloader into net.minecraft.TexturedQuad
[13:01:04] [main/DEBUG] (Mixin) Mixing network.Packet2ClientProtocolTrans from fishmodloader into net.minecraft.Packet2ClientProtocol
[13:01:04] [main/DEBUG] (Mixin) Mixing util.EntityMixin from fishmodloader into net.minecraft.Entity
[13:01:04] [main/DEBUG] (Mixin) Mixing id_extend.WorldMixin from fishmodloader into net.minecraft.World
[13:01:04] [main/DEBUG] (Mixin) Mixing util.WorldAccessor from fishmodloader into net.minecraft.World
[13:01:04] [main/DEBUG] (Mixin) Mixing fix.FixServerCrash from fishmodloader into net.minecraft.WorldServer
[13:01:04] [main/DEBUG] (Mixin) Mixing util.WorldServerAccessor from fishmodloader into net.minecraft.WorldServer
[13:01:04] [main/DEBUG] (Mixin) Mixing id_extend.EntityItemMixin from fishmodloader into net.minecraft.EntityItem
[13:01:04] [main/DEBUG] (Mixin) Mixing fix.FpsUnlimited from fishmodloader into net.minecraft.Minecraft
[13:01:04] [main/DEBUG] (Mixin) Mixing id_extend.MinecraftMixin from fishmodloader into net.minecraft.Minecraft
[13:01:04] [main/DEBUG] (Mixin) Mixing MinecraftTrans from fishmodloader into net.minecraft.Minecraft
[13:01:04] [main/DEBUG] (Mixin) Mixing MinecraftMixin from ManyLib.mixins.json into net.minecraft.Minecraft
[13:01:05] [main/INFO] (fishmodloader) [AW] Widened class: net.minecraft.GuiScreen
[13:01:05] [main/DEBUG] (Mixin) Mixing fix.ChatFix from fishmodloader into net.minecraft.GuiScreen
[13:01:05] [main/INFO] (fishmodloader) [AW] Widened class: net.minecraft.Gui
[13:01:05] [main/DEBUG] (Mixin) Mixing GuiScreenMixin from ManyLib.mixins.json into net.minecraft.GuiScreen
[13:01:05] [main/INFO] (fishmodloader) [AW] Widened class: net.minecraft.Gui
[13:01:05] [main/DEBUG] (Mixin) Mixing client.ClientPlayerMixin from fishmodloader into net.minecraft.EntityClientPlayerMP
[13:01:05] [main/DEBUG] (Mixin) Mixing fix.FixBoundingBoxCheck from fishmodloader into net.minecraft.EntityPlayer
[13:01:05] [main/DEBUG] (Mixin) Mixing util.EntityHumanTrans from fishmodloader into net.minecraft.EntityPlayer
[13:01:05] [main/DEBUG] (Mixin) Renaming @Invoker method getExpRequired(I)I to getExpRequired_$md$3b0c8a$0 in fishmodloader:util.EntityHumanTrans
[13:01:05] [main/DEBUG] (Mixin) Mixing client.MainMenuMixin from fishmodloader into net.minecraft.GuiMainMenu
[13:01:05] [main/DEBUG] (Mixin) Mixing GuiMainMenuMixin from ManyLib.mixins.json into net.minecraft.GuiMainMenu
[13:01:05] [main/DEBUG] (Mixin) Mixing MixinTitleScreen from mixins.modmenu.json into net.minecraft.GuiMainMenu
[13:01:05] [main/DEBUG] (Mixin) Mixing GuiIngameMenuMixin from ManyLib.mixins.json into net.minecraft.GuiIngameMenu
[13:01:05] [main/DEBUG] (Mixin) Mixing MixinGameMenuScreen from mixins.modmenu.json into net.minecraft.GuiIngameMenu
[13:01:05] [main/DEBUG] (Mixin) Mixing enum_extend.EnumOSMixin from fishmodloader into net.minecraft.EnumOS
[13:01:05] [main/DEBUG] (Mixin) Mixing enum_extend.EnumChatFormattingMixin from fishmodloader into net.minecraft.EnumChatFormatting
[13:01:05] [main/DEBUG] (Mixin) Mixing LocaleLanguageTrans from fishmodloader into net.minecraft.StringTranslate
[13:01:05] [main/DEBUG] (Mixin) Mixing StringTranslateAccessor from fishmodloader into net.minecraft.StringTranslate
[13:01:05] [main/DEBUG] (Mixin) Mixing entrypoint.ServerEntrypointMixin from fishmodloader into net.minecraft.server.MinecraftServer
[13:01:05] [main/DEBUG] (Mixin) Renaming synthetic method lambda$injectMain$1(Lnet/fabricmc/api/ModInitializer;)V to md3b0c8a$lambda$injectMain$1$0 in fishmodloader:entrypoint.ServerEntrypointMixin
[13:01:05] [main/DEBUG] (Mixin) Renaming synthetic method lambda$injectMain$0(Lnet/xiaoyu233/fml/config/ConfigRegistry;)V to md3b0c8a$lambda$injectMain$0$1 in fishmodloader:entrypoint.ServerEntrypointMixin
[13:01:05] [main/DEBUG] (Mixin) Mixing MinecraftServerTrans from fishmodloader into net.minecraft.server.MinecraftServer
[13:01:05] [main/DEBUG] (Mixin) Mixing util.LogTransform from fishmodloader into net.minecraft.LogAgent
[13:01:05] [main/DEBUG] (Mixin) Mixing client.DefaultResourcePackMixin from fishmodloader into net.minecraft.DefaultResourcePack
[13:01:05] [main/INFO] (STDOUT) Starting minecraft client version 1.6.4-MITE (R196)
[13:01:05] [main/INFO] (STDOUT) Setting user: Player895
[13:01:05] [main/INFO] (STDOUT) (Session ID is null)
[13:01:05] [main/DEBUG] (Mixin) Mixing id_extend.StatisticMixin from fishmodloader into net.minecraft.StatList
[13:01:05] [main/INFO] (fishmodloader) [AW] Widened class: net.minecraft.Block
[13:01:05] [main/DEBUG] (Mixin) Mixing id_extend.BlockMixin from fishmodloader into net.minecraft.Block
[13:01:05] [main/DEBUG] (Mixin) Mixing util.BlockAccessor from fishmodloader into net.minecraft.Block
[13:01:05] [main/DEBUG] (Mixin) Mixing util.BlockMixin from fishmodloader into net.minecraft.Block
[13:01:05] [main/DEBUG] (Mixin) Mixing enum_extend.EnumQualityMixin from fishmodloader into net.minecraft.EnumQuality
[13:01:05] [main/DEBUG] (Mixin) Mixing enum_extend.EnumRarityMixin from fishmodloader into net.minecraft.EnumQuality
[13:01:05] [main/DEBUG] (Mixin) Mixing enum_extend.EnumEquipmentMixin from fishmodloader into net.minecraft.EnumEquipmentMaterial
[13:01:05] [main/DEBUG] (Mixin) Mixing enum_extend.EnumMaterialHardnessMixin from fishmodloader into net.minecraft.EnumMaterialHardness
[13:01:05] [main/DEBUG] (Mixin) Mixing fix.fix_recipe.ItemMixin from fishmodloader into net.minecraft.Item
[13:01:05] [main/DEBUG] (Mixin) Mixing id_extend.ItemMixin from fishmodloader into net.minecraft.Item
[13:01:05] [main/DEBUG] (Mixin) Mixing util.ItemMixin from fishmodloader into net.minecraft.Item
[13:01:06] [main/DEBUG] (Mixin) Mixing registry.TileEntityRegistryMixin from fishmodloader into net.minecraft.TileEntity
[13:01:06] [main/DEBUG] (Mixin) Mixing enum_extend.EnumDirectionMixin from fishmodloader into net.minecraft.EnumDirection
[13:01:06] [main/DEBUG] (Mixin) Mixing fix.FixAnvilStackCrash from fishmodloader into net.minecraft.BlockAnvil
[13:01:06] [main/DEBUG] (Mixin) Mixing id_extend.BlockFireMixin from fishmodloader into net.minecraft.BlockFire
[13:01:06] [main/DEBUG] (Mixin) Mixing enum_extend.EnumChestTypeMixin from fishmodloader into net.minecraft.EnumChestType
[13:01:06] [main/DEBUG] (Mixin) Mixing enum_extend.EnumMobTypeMixin from fishmodloader into net.minecraft.EnumMobType
[13:01:06] [main/DEBUG] (Mixin) Mixing fix.RedstoneTorchFix from fishmodloader into net.minecraft.BlockRedstoneTorch
[13:01:06] [main/DEBUG] (Mixin) Mixing api.ItemToolMixin from fishmodloader into net.minecraft.ItemTool
[13:01:06] [main/DEBUG] (Mixin) Mixing id_extend.ItemMapMixin from fishmodloader into net.minecraft.ItemMap
[13:01:06] [main/DEBUG] (Mixin) Mixing id_extend.ItemStackMixin from fishmodloader into net.minecraft.ItemStack
[13:01:06] [main/DEBUG] (Mixin) Mixing util.SkillAccessor from fishmodloader into net.minecraft.Skill
[13:01:06] [main/DEBUG] (Mixin) Renaming @Invoker method getById(I)Lnet/minecraft/Skill; to getById_$md$3b0c8a$0 in fishmodloader:util.SkillAccessor
[13:01:06] [main/DEBUG] (Mixin) Renaming @Invoker method getSkillsByIds(I)[Lnet/minecraft/Skill; to getSkillsByIds_$md$3b0c8a$1 in fishmodloader:util.SkillAccessor
[13:01:06] [main/DEBUG] (Mixin) Renaming @Invoker method getByLocalizedName(Ljava/lang/String;Z)Lnet/minecraft/Skill; to getByLocalizedName_$md$3b0c8a$2 in fishmodloader:util.SkillAccessor
[13:01:06] [main/DEBUG] (Mixin) Renaming @Invoker method getSkillsString(IZLjava/lang/String;)Ljava/lang/String; to getSkillsString_$md$3b0c8a$3 in fishmodloader:util.SkillAccessor
[13:01:06] [main/DEBUG] (Mixin) Renaming @Accessor method getNumSkills()I to getNumSkills_$md$3b0c8a$4 in fishmodloader:util.SkillAccessor
[13:01:06] [main/DEBUG] (Mixin) Renaming @Accessor method setNumSkills(I)V to setNumSkills_$md$3b0c8a$5 in fishmodloader:util.SkillAccessor
[13:01:06] [main/DEBUG] (Mixin) Mixing id_extend.PotionMixin from fishmodloader into net.minecraft.Potion
[13:01:06] [main/DEBUG] (Mixin) Mixing registry.EnchantmentRegisterMixin from fishmodloader into net.minecraft.Enchantment
[13:01:06] [main/WARN] (Mixin) Write access to @Mutable @Final field enchantmentsBookList:[Lnet/minecraft/Enchantment; in fishmodloader:registry.EnchantmentRegisterMixin::registerEnchantmentsUnsafe
[13:01:06] [main/DEBUG] (Mixin) Mixing fix.FixMinecart from fishmodloader into net.minecraft.EntityMinecart
[13:01:06] [main/DEBUG] (Mixin) Mixing registry.EntityRegistryMixin from fishmodloader into net.minecraft.EntityList
[13:01:06] [main/DEBUG] (Mixin) Renaming synthetic method lambda$injectClinit$1(Lcom/google/common/collect/ImmutableMap$Builder;Ljava/lang/Class;Ljava/lang/String;Ljava/lang/String;III)V to md3b0c8a$lambda$injectClinit$1$0 in fishmodloader:registry.EntityRegistryMixin
[13:01:06] [main/DEBUG] (Mixin) Renaming synthetic method lambda$injectClinit$0(Lcom/google/common/collect/ImmutableMap$Builder;Ljava/lang/Class;Ljava/lang/String;Ljava/lang/String;I)V to md3b0c8a$lambda$injectClinit$0$1 in fishmodloader:registry.EntityRegistryMixin
[13:01:06] [main/DEBUG] (Mixin) Mixing fix.fix_minecart.EntityMinecartChestTrans from fishmodloader into net.minecraft.EntityMinecartChest
[13:01:06] [main/DEBUG] (Mixin) Mixing fix.fix_minecart.EntityMinecartContainerMixin from fishmodloader into net.minecraft.EntityMinecartContainer
[13:01:06] [main/DEBUG] (Mixin) Mixing id_extend.EndermanMixin from fishmodloader into net.minecraft.EntityEnderman
[13:01:06] [main/DEBUG] (Mixin) Mixing util.EntityLivestockAccessor from fishmodloader into net.minecraft.EntityLivestock
[13:01:06] [main/DEBUG] (Mixin) Skipping Intrinsic mixin method setFood(F)V for net/minecraft/EntityLivestock
[13:01:06] [main/DEBUG] (Mixin) Skipping Intrinsic mixin method setWater(F)V for net/minecraft/EntityLivestock
[13:01:06] [main/DEBUG] (Mixin) Mixing id_extend.ItemBlockMixin from fishmodloader into net.minecraft.ItemBlock
[13:01:06] [main/DEBUG] (Mixin) Mixing enum_extend.EnumFaceMixin from fishmodloader into net.minecraft.EnumFace
[13:01:06] [main/DEBUG] (Mixin) Mixing id_extend.ReferenceFileWriterMixin from fishmodloader into net.minecraft.ReferenceFileWriter
[13:01:06] [main/INFO] (fishmodloader) [AW] Widened class: net.minecraft.CraftingManager
[13:01:06] [main/DEBUG] (Mixin) Mixing registry.ItemBlockRecipeRegistryMixin from fishmodloader into net.minecraft.CraftingManager
[13:01:06] [main/DEBUG] (Mixin) Mixing util.CraftingManagerInvoker from fishmodloader into net.minecraft.CraftingManager
[13:01:06] [main/DEBUG] (Mixin) Skipping Intrinsic mixin method addRecipe(Lnet/minecraft/ItemStack;Z[Ljava/lang/Object;)Lnet/minecraft/ShapedRecipes; for net/minecraft/CraftingManager
[13:01:06] [main/DEBUG] (Mixin) Skipping Intrinsic mixin method addShapelessRecipe(Lnet/minecraft/ItemStack;Z[Ljava/lang/Object;)Lnet/minecraft/ShapelessRecipes; for net/minecraft/CraftingManager
[13:01:06] [main/DEBUG] (Mixin) Mixing fix.fix_recipe.RecipeHelperMixin from fishmodloader into net.minecraft.RecipeHelper
[13:01:06] [main/DEBUG] (Mixin) Mixing id_extend.RecipeHelperMixin from fishmodloader into net.minecraft.RecipeHelper
[13:01:06] [main/INFO] (STDOUT) Loading client.properties
[13:01:06] [main/INFO] (STDOUT) Rendering scheme: MITE 1.6.4
[13:01:06] [main/INFO] (STDOUT) Completely ignored arguments: [--assetIndex, 1.6.4-MITE-legacy]
[13:01:07] [Minecraft main thread/INFO] (STDOUT) LWJGL Version: 2.9.0
[13:01:07] [Minecraft main thread/DEBUG] (Mixin) Mixing client.RenderFix from fishmodloader into net.minecraft.OpenGlHelper
[13:01:07] [Minecraft main thread/DEBUG] (Mixin) Mixing client.SimpleResourceManagerMixin from fishmodloader into net.minecraft.SimpleReloadableResourceManager
[13:01:07] [Minecraft main thread/DEBUG] (Mixin) Mixing LanguageLoaderTrans from fishmodloader into net.minecraft.Locale
[13:01:07] [Minecraft main thread/INFO] (STDOUT) Reloading ResourceManager: Default, MITE Resource Pack 1.6.4.zip
[13:01:07] [Minecraft main thread/DEBUG] (Mixin) Mixing registry.SoundsRegistryMixin from fishmodloader into net.minecraft.SoundsMITE
[13:01:07] [Minecraft main thread/INFO] (STDOUT) 
[13:01:07] [Minecraft main thread/INFO] (STDOUT) SoundsMITE: Loading sounds...
[13:01:07] [Minecraft main thread/INFO] (STDOUT)  [ok]
[13:01:07] [Thread-4/INFO] (STDOUT) 
[13:01:07] [Thread-4/INFO] (STDOUT) Starting up SoundSystem...
[13:01:07] [Minecraft main thread/DEBUG] (Mixin) Mixing registry.EntityRendererRegisterMixin from fishmodloader into net.minecraft.RenderManager
[13:01:07] [Minecraft main thread/DEBUG] (Mixin) Mixing id_extend.SnowManRendererMixin from fishmodloader into net.minecraft.RenderSnowMan
[13:01:07] [Minecraft main thread/DEBUG] (Mixin) Mixing id_extend.BipedRendererMixin from fishmodloader into net.minecraft.RenderBiped
[13:01:07] [Minecraft main thread/DEBUG] (Mixin) Mixing id_extend.WitchRendererMixin from fishmodloader into net.minecraft.RenderWitch
[13:01:07] [Thread-5/INFO] (STDOUT) Initializing LWJGL OpenAL
[13:01:07] [Thread-5/INFO] (STDOUT)     (The LWJGL binding of OpenAL.  For more information, see http://www.lwjgl.org)
[13:01:08] [Minecraft main thread/DEBUG] (Mixin) Mixing id_extend.PlayerRendererMixin from fishmodloader into net.minecraft.RenderPlayer
[13:01:08] [Thread-5/INFO] (STDOUT) OpenAL initialized.
[13:01:08] [Minecraft main thread/DEBUG] (Mixin) Mixing fix.FpsUnlimit2 from fishmodloader into net.minecraft.EntityRenderer
[13:01:08] [Thread-4/INFO] (STDOUT) 
[13:01:08] [Minecraft main thread/DEBUG] (Mixin) Mixing GuiIngameMixin from ManyLib.mixins.json into net.minecraft.GuiIngame
[13:01:08] [Minecraft main thread/INFO] (fishmodloader) [AW] Widened class: net.minecraft.GuiButton
[13:01:08] [Minecraft main thread/DEBUG] (Mixin) Mixing MixinGuiButton from mixins.modmenu.json into net.minecraft.GuiButton
[13:01:08] [Minecraft main thread/DEBUG] (Mixin) Mixing fix.AllowedCharFix from fishmodloader into net.minecraft.ChatAllowedCharacters
[13:01:08] [Minecraft main thread/INFO] (STDOUT) Writing reference files... [failed]

[13:01:08] [Minecraft main thread/DEBUG] (Mixin) Mixing enum_extend.EnumSpecialSplashMixin from fishmodloader into net.minecraft.EnumSpecialSplash
[13:01:08] [Thread-8/ERROR] (STDOUT) Realms: Server not available!
[13:01:25] [Minecraft main thread/INFO] (fishmodloader) [AW] Widened class: net.minecraft.GuiTextField
[13:01:25] [Minecraft main thread/DEBUG] (Mixin) Mixing GuiTextFieldMixin from ManyLib.mixins.json into net.minecraft.GuiTextField
[13:06:29] [Minecraft main thread/INFO] (STDOUT) Stopping!
[13:06:29] [Minecraft main thread/INFO] (STDOUT) 
[13:06:29] [Minecraft main thread/INFO] (STDOUT) SoundSystem shutting down...
[13:06:29] [Minecraft main thread/INFO] (STDOUT)     Author: Paul Lamb, www.paulscode.com
[13:06:29] [Minecraft main thread/INFO] (STDOUT) 
