[13:01:03] [main/INFO] (GameRemapper) Found mapped jar cache
[13:01:03] [main/INFO] (fishmodloader) Loading 6 mods: 
	- fishmodloader 3.3.2
	- java 17
	- many-lib 2.2.0
	- mite 1.6.4
	- mitefreelook 1.0.0
	- modmenu 1.0.0
[13:01:04] [main/INFO] (Mixin) SpongePowered MIXIN Subsystem Version=0.8.5 Source=file:/C:/Users/jeffrey/Documents/MiTE%20DEV/ENV/libs/FishModLoader-v3.3.2.jar Service=Knot/FishModLoader Env=CLIENT
[13:01:04] [main/INFO] (fishmodloader) Registering mixin class:api.ItemToolMixin for fishmodloader
[13:01:04] [main/INFO] (fishmodloader) Registering mixin class:client.ClientPlayerMixin for fishmodloader
[13:01:04] [main/INFO] (fishmodloader) Registering mixin class:client.DefaultResourcePackMixin for fishmodloader
[13:01:04] [main/INFO] (fishmodloader) Registering mixin class:client.MainMenuMixin for fishmodloader
[13:01:04] [main/INFO] (fishmodloader) Registering mixin class:client.RenderFix for fishmodloader
[13:01:04] [main/INFO] (fishmodloader) Registering mixin class:client.SimpleResourceManagerMixin for fishmodloader
[13:01:04] [main/INFO] (fishmodloader) Registering mixin class:client.TileEntityRendererMixin for fishmodloader
[13:01:04] [main/INFO] (fishmodloader) Registering mixin class:CommandHandlerTrans for fishmodloader
[13:01:04] [main/INFO] (fishmodloader) Registering mixin class:entrypoint.ClientEntrypointMixin for fishmodloader
[13:01:04] [main/INFO] (fishmodloader) Registering mixin class:entrypoint.ServerEntrypointMixin for fishmodloader
[13:01:04] [main/INFO] (fishmodloader) Registering mixin class:enum_extend.EnumActionMixin for fishmodloader
[13:01:04] [main/INFO] (fishmodloader) Registering mixin class:enum_extend.EnumArtMixin for fishmodloader
[13:01:04] [main/INFO] (fishmodloader) Registering mixin class:enum_extend.EnumBlockBreakReasonMixin for fishmodloader
[13:01:04] [main/INFO] (fishmodloader) Registering mixin class:enum_extend.EnumBlockFXMixin for fishmodloader
[13:01:04] [main/INFO] (fishmodloader) Registering mixin class:enum_extend.EnumBlockOperationMixin for fishmodloader
[13:01:04] [main/INFO] (fishmodloader) Registering mixin class:enum_extend.EnumChatFormattingMixin for fishmodloader
[13:01:04] [main/INFO] (fishmodloader) Registering mixin class:enum_extend.EnumChestTypeMixin for fishmodloader
[13:01:04] [main/INFO] (fishmodloader) Registering mixin class:enum_extend.EnumCommandMixin for fishmodloader
[13:01:04] [main/INFO] (fishmodloader) Registering mixin class:enum_extend.EnumConsciousStateMixin for fishmodloader
[13:01:04] [main/INFO] (fishmodloader) Registering mixin class:enum_extend.EnumCreatureAttributeMixin for fishmodloader
[13:01:04] [main/INFO] (fishmodloader) Registering mixin class:enum_extend.EnumCreatureTypeMixin for fishmodloader
[13:01:04] [main/INFO] (fishmodloader) Registering mixin class:enum_extend.EnumDirectionMixin for fishmodloader
[13:01:04] [main/INFO] (fishmodloader) Registering mixin class:enum_extend.EnumDoorMixin for fishmodloader
[13:01:04] [main/INFO] (fishmodloader) Registering mixin class:enum_extend.EnumEnchantmentTypeMixin for fishmodloader
[13:01:04] [main/INFO] (fishmodloader) Registering mixin class:enum_extend.EnumEntityFXMixin for fishmodloader
[13:01:04] [main/INFO] (fishmodloader) Registering mixin class:enum_extend.EnumEntityReachContextMixin for fishmodloader
[13:01:04] [main/INFO] (fishmodloader) Registering mixin class:enum_extend.EnumEntitySizeMixin for fishmodloader
[13:01:04] [main/INFO] (fishmodloader) Registering mixin class:enum_extend.EnumEntityStateMixin for fishmodloader
[13:01:04] [main/INFO] (fishmodloader) Registering mixin class:enum_extend.EnumEquipmentMixin for fishmodloader
[13:01:04] [main/INFO] (fishmodloader) Registering mixin class:enum_extend.EnumFaceMixin for fishmodloader
[13:01:04] [main/INFO] (fishmodloader) Registering mixin class:enum_extend.EnumFacingMixin for fishmodloader
[13:01:04] [main/INFO] (fishmodloader) Registering mixin class:enum_extend.EnumGameTypeMixin for fishmodloader
[13:01:04] [main/INFO] (fishmodloader) Registering mixin class:enum_extend.EnumInsulinResistanceLevelMixin for fishmodloader
[13:01:04] [main/INFO] (fishmodloader) Registering mixin class:enum_extend.EnumItemInUseActionMixin for fishmodloader
[13:01:04] [main/INFO] (fishmodloader) Registering mixin class:enum_extend.EnumLevelBonusMixin for fishmodloader
[13:01:04] [main/INFO] (fishmodloader) Registering mixin class:enum_extend.EnumMaterialHardnessMixin for fishmodloader
[13:01:04] [main/INFO] (fishmodloader) Registering mixin class:enum_extend.EnumMobTypeMixin for fishmodloader
[13:01:04] [main/INFO] (fishmodloader) Registering mixin class:enum_extend.EnumMovingObjectTypeMixin for fishmodloader
[13:01:04] [main/INFO] (fishmodloader) Registering mixin class:enum_extend.EnumOptionsMixin for fishmodloader
[13:01:04] [main/INFO] (fishmodloader) Registering mixin class:enum_extend.EnumOSMixin for fishmodloader
[13:01:04] [main/INFO] (fishmodloader) Registering mixin class:enum_extend.EnumParticleMixin for fishmodloader
[13:01:04] [main/INFO] (fishmodloader) Registering mixin class:enum_extend.EnumQualityMixin for fishmodloader
[13:01:04] [main/INFO] (fishmodloader) Registering mixin class:enum_extend.EnumRarityMixin for fishmodloader
[13:01:04] [main/INFO] (fishmodloader) Registering mixin class:enum_extend.EnumSideMixin for fishmodloader
[13:01:04] [main/INFO] (fishmodloader) Registering mixin class:enum_extend.EnumSignalMixin for fishmodloader
[13:01:04] [main/INFO] (fishmodloader) Registering mixin class:enum_extend.EnumSkyBlockMixin for fishmodloader
[13:01:04] [main/INFO] (fishmodloader) Registering mixin class:enum_extend.EnumSpecialSplashMixin for fishmodloader
[13:01:04] [main/INFO] (fishmodloader) Registering mixin class:enum_extend.EnumStatusMixin for fishmodloader
[13:01:04] [main/INFO] (fishmodloader) Registering mixin class:enum_extend.EnumToolMaterialMixin for fishmodloader
[13:01:04] [main/INFO] (fishmodloader) Registering mixin class:enum_extend.EnumTournamentTypeMixin for fishmodloader
[13:01:04] [main/INFO] (fishmodloader) Registering mixin class:fix.AllowedCharFix for fishmodloader
[13:01:04] [main/INFO] (fishmodloader) Registering mixin class:fix.ChatFix for fishmodloader
[13:01:04] [main/INFO] (fishmodloader) Registering mixin class:fix.EnchantmentPiercingTranslationFix for fishmodloader
[13:01:04] [main/INFO] (fishmodloader) Registering mixin class:fix.FixAnvilStackCrash for fishmodloader
[13:01:04] [main/INFO] (fishmodloader) Registering mixin class:fix.FixBoundingBoxCheck for fishmodloader
[13:01:04] [main/INFO] (fishmodloader) Registering mixin class:fix.FixCrash2 for fishmodloader
[13:01:04] [main/INFO] (fishmodloader) Registering mixin class:fix.FixMinecart for fishmodloader
[13:01:04] [main/INFO] (fishmodloader) Registering mixin class:fix.FixServerCrash for fishmodloader
[13:01:04] [main/INFO] (fishmodloader) Registering mixin class:fix.fix_creative_inv.ContainerCreativeMixin for fishmodloader
[13:01:04] [main/INFO] (fishmodloader) Registering mixin class:fix.fix_creative_inv.GuiCreativeMixin for fishmodloader
[13:01:04] [main/INFO] (fishmodloader) Registering mixin class:fix.fix_creative_inv.SlotCreativeInvMixin for fishmodloader
[13:01:04] [main/INFO] (fishmodloader) Registering mixin class:fix.fix_minecart.EntityMinecartChestTrans for fishmodloader
[13:01:04] [main/INFO] (fishmodloader) Registering mixin class:fix.fix_minecart.EntityMinecartContainerMixin for fishmodloader
[13:01:04] [main/INFO] (fishmodloader) Registering mixin class:fix.fix_recipe.ItemMixin for fishmodloader
[13:01:04] [main/INFO] (fishmodloader) Registering mixin class:fix.fix_recipe.RecipeHelperMixin for fishmodloader
[13:01:04] [main/INFO] (fishmodloader) Registering mixin class:fix.FpsUnlimit2 for fishmodloader
[13:01:04] [main/INFO] (fishmodloader) Registering mixin class:fix.FpsUnlimited for fishmodloader
[13:01:04] [main/INFO] (fishmodloader) Registering mixin class:fix.RedstoneTorchFix for fishmodloader
[13:01:04] [main/INFO] (fishmodloader) Registering mixin class:fix.skin.SkinFixTransform for fishmodloader
[13:01:04] [main/INFO] (fishmodloader) Registering mixin class:fix.skin.ThreadDownloadImageDataAccessor for fishmodloader
[13:01:04] [main/INFO] (fishmodloader) Registering mixin class:fix.WeaponDamageTranslationFix for fishmodloader
[13:01:04] [main/INFO] (fishmodloader) Registering mixin class:id_extend.BipedRendererMixin for fishmodloader
[13:01:04] [main/INFO] (fishmodloader) Registering mixin class:id_extend.BlockFireMixin for fishmodloader
[13:01:04] [main/INFO] (fishmodloader) Registering mixin class:id_extend.BlockMixin for fishmodloader
[13:01:04] [main/INFO] (fishmodloader) Registering mixin class:id_extend.ChunkMixin for fishmodloader
[13:01:04] [main/INFO] (fishmodloader) Registering mixin class:id_extend.ChunkRegionLoaderMixin for fishmodloader
[13:01:04] [main/INFO] (fishmodloader) Registering mixin class:id_extend.ChunkSectionMixin for fishmodloader
[13:01:04] [main/INFO] (fishmodloader) Registering mixin class:id_extend.EndermanMixin for fishmodloader
[13:01:04] [main/INFO] (fishmodloader) Registering mixin class:id_extend.EntityItemMixin for fishmodloader
[13:01:04] [main/INFO] (fishmodloader) Registering mixin class:id_extend.ItemBlockMixin for fishmodloader
[13:01:04] [main/INFO] (fishmodloader) Registering mixin class:id_extend.ItemMapMixin for fishmodloader
[13:01:04] [main/INFO] (fishmodloader) Registering mixin class:id_extend.ItemMixin for fishmodloader
[13:01:04] [main/INFO] (fishmodloader) Registering mixin class:id_extend.ItemStackMixin for fishmodloader
[13:01:04] [main/INFO] (fishmodloader) Registering mixin class:id_extend.MinecraftMixin for fishmodloader
[13:01:04] [main/INFO] (fishmodloader) Registering mixin class:id_extend.NetClientHandlerMixin for fishmodloader
[13:01:04] [main/INFO] (fishmodloader) Registering mixin class:id_extend.PacketMultiBlockChangeMixin for fishmodloader
[13:01:04] [main/INFO] (fishmodloader) Registering mixin class:id_extend.PlayerRendererMixin for fishmodloader
[13:01:04] [main/INFO] (fishmodloader) Registering mixin class:id_extend.PotionMixin for fishmodloader
[13:01:04] [main/INFO] (fishmodloader) Registering mixin class:id_extend.RecipeHelperMixin for fishmodloader
[13:01:04] [main/INFO] (fishmodloader) Registering mixin class:id_extend.ReferenceFileWriterMixin for fishmodloader
[13:01:04] [main/INFO] (fishmodloader) Registering mixin class:id_extend.SnowManRendererMixin for fishmodloader
[13:01:04] [main/INFO] (fishmodloader) Registering mixin class:id_extend.StatisticMixin for fishmodloader
[13:01:04] [main/INFO] (fishmodloader) Registering mixin class:id_extend.WitchRendererMixin for fishmodloader
[13:01:04] [main/INFO] (fishmodloader) Registering mixin class:id_extend.WorldMixin for fishmodloader
[13:01:04] [main/INFO] (fishmodloader) Registering mixin class:LanguageLoaderTrans for fishmodloader
[13:01:04] [main/INFO] (fishmodloader) Registering mixin class:LocaleLanguageTrans for fishmodloader
[13:01:04] [main/INFO] (fishmodloader) Registering mixin class:MinecraftServerTrans for fishmodloader
[13:01:04] [main/INFO] (fishmodloader) Registering mixin class:MinecraftTrans for fishmodloader
[13:01:04] [main/INFO] (fishmodloader) Registering mixin class:network.Packet2ClientProtocolTrans for fishmodloader
[13:01:04] [main/INFO] (fishmodloader) Registering mixin class:network.PacketTrans for fishmodloader
[13:01:04] [main/INFO] (fishmodloader) Registering mixin class:network.PendingConnectionTransform for fishmodloader
[13:01:04] [main/INFO] (fishmodloader) Registering mixin class:registry.EnchantmentRegisterMixin for fishmodloader
[13:01:04] [main/INFO] (fishmodloader) Registering mixin class:registry.EntityRegistryMixin for fishmodloader
[13:01:04] [main/INFO] (fishmodloader) Registering mixin class:registry.EntityRendererRegisterMixin for fishmodloader
[13:01:04] [main/INFO] (fishmodloader) Registering mixin class:registry.ItemBlockRecipeRegistryMixin for fishmodloader
[13:01:04] [main/INFO] (fishmodloader) Registering mixin class:registry.ServerCommandManagerMixin for fishmodloader
[13:01:04] [main/INFO] (fishmodloader) Registering mixin class:registry.SoundsRegistryMixin for fishmodloader
[13:01:04] [main/INFO] (fishmodloader) Registering mixin class:registry.TileEntityRegistryMixin for fishmodloader
[13:01:04] [main/INFO] (fishmodloader) Registering mixin class:save_version.WorldInfoMixin for fishmodloader
[13:01:04] [main/INFO] (fishmodloader) Registering mixin class:StringTranslateAccessor for fishmodloader
[13:01:04] [main/INFO] (fishmodloader) Registering mixin class:util.BlockAccessor for fishmodloader
[13:01:04] [main/INFO] (fishmodloader) Registering mixin class:util.BlockMixin for fishmodloader
[13:01:04] [main/INFO] (fishmodloader) Registering mixin class:util.CraftingManagerInvoker for fishmodloader
[13:01:04] [main/INFO] (fishmodloader) Registering mixin class:util.DebugAttackTrans for fishmodloader
[13:01:04] [main/INFO] (fishmodloader) Registering mixin class:util.EntityHumanTrans for fishmodloader
[13:01:04] [main/INFO] (fishmodloader) Registering mixin class:util.EntityLivestockAccessor for fishmodloader
[13:01:04] [main/INFO] (fishmodloader) Registering mixin class:util.EntityMixin for fishmodloader
[13:01:04] [main/INFO] (fishmodloader) Registering mixin class:util.EnumCommandAccessor for fishmodloader
[13:01:04] [main/INFO] (fishmodloader) Registering mixin class:util.ItemMixin for fishmodloader
[13:01:04] [main/INFO] (fishmodloader) Registering mixin class:util.LogTransform for fishmodloader
[13:01:04] [main/INFO] (fishmodloader) Registering mixin class:util.SkillAccessor for fishmodloader
[13:01:04] [main/INFO] (fishmodloader) Registering mixin class:util.WorldAccessor for fishmodloader
[13:01:04] [main/INFO] (fishmodloader) Registering mixin class:util.WorldServerAccessor for fishmodloader
[13:01:04] [main/INFO] (Mixin) Compatibility level set to JAVA_17
[13:01:04] [main/INFO] (fishmodloader) Starting Minecraft
[13:01:04] [main/INFO] (Mixin) Preparing mixins for MixinEnvironment[DEFAULT]
[13:01:04] [main/INFO] (Mixin) Selecting config fishmodloader
[13:01:04] [main/INFO] (Mixin) Selecting config ManyLib.mixins.json
[13:01:04] [main/INFO] (Mixin) Selecting config freelook.mixins.json
[13:01:04] [main/INFO] (Mixin) Selecting config mixins.modmenu.json
[13:01:04] [main/INFO] (Mixin) Preparing fishmodloader (123)
[13:01:04] [main/INFO] (fishmodloader) [AW] Widened class: net.minecraft.GuiScreen
[13:01:04] [main/INFO] (fishmodloader) [AW] Widened class: net.minecraft.Block
[13:01:04] [main/INFO] (fishmodloader) [AW] Widened class: net.minecraft.CraftingManager
[13:01:04] [main/INFO] (Mixin) Preparing ManyLib.mixins.json (6)
[13:01:04] [main/INFO] (fishmodloader) [AW] Widened class: net.minecraft.GuiTextField
[13:01:04] [main/INFO] (Mixin) Preparing freelook.mixins.json (0)
[13:01:04] [main/INFO] (Mixin) Preparing mixins.modmenu.json (4)
[13:01:04] [main/INFO] (fishmodloader) [AW] Widened class: net.minecraft.GuiButton
[13:01:04] [main/INFO] (Mixin) Prepared 132 mixins in 0.303 sec (2.3ms avg) (0ms load, 0ms transform, 0ms plugin)
[13:01:04] [main/INFO] (Mixin) Initializing MixinExtras via com.llamalad7.mixinextras.service.MixinExtrasServiceImpl(version=0.3.5).
[13:01:05] [main/INFO] (fishmodloader) [AW] Widened class: net.minecraft.GuiScreen
[13:01:05] [main/INFO] (fishmodloader) [AW] Widened class: net.minecraft.Gui
[13:01:05] [main/INFO] (fishmodloader) [AW] Widened class: net.minecraft.Gui
[13:01:05] [main/INFO] (STDOUT) Starting minecraft client version 1.6.4-MITE (R196)
[13:01:05] [main/INFO] (STDOUT) Setting user: Player895
[13:01:05] [main/INFO] (STDOUT) (Session ID is null)
[13:01:05] [main/INFO] (fishmodloader) [AW] Widened class: net.minecraft.Block
[13:01:06] [main/WARN] (Mixin) Write access to @Mutable @Final field enchantmentsBookList:[Lnet/minecraft/Enchantment; in fishmodloader:registry.EnchantmentRegisterMixin::registerEnchantmentsUnsafe
[13:01:06] [main/INFO] (fishmodloader) [AW] Widened class: net.minecraft.CraftingManager
[13:01:06] [main/INFO] (STDOUT) Loading client.properties
[13:01:06] [main/INFO] (STDOUT) Rendering scheme: MITE 1.6.4
[13:01:06] [main/INFO] (STDOUT) Completely ignored arguments: [--assetIndex, 1.6.4-MITE-legacy]
[13:01:07] [Minecraft main thread/INFO] (STDOUT) LWJGL Version: 2.9.0
[13:01:07] [Minecraft main thread/INFO] (STDOUT) Reloading ResourceManager: Default, MITE Resource Pack 1.6.4.zip
[13:01:07] [Minecraft main thread/INFO] (STDOUT) 
[13:01:07] [Minecraft main thread/INFO] (STDOUT) SoundsMITE: Loading sounds...
[13:01:07] [Minecraft main thread/INFO] (STDOUT)  [ok]
[13:01:07] [Thread-4/INFO] (STDOUT) 
[13:01:07] [Thread-4/INFO] (STDOUT) Starting up SoundSystem...
[13:01:07] [Thread-5/INFO] (STDOUT) Initializing LWJGL OpenAL
[13:01:07] [Thread-5/INFO] (STDOUT)     (The LWJGL binding of OpenAL.  For more information, see http://www.lwjgl.org)
[13:01:08] [Thread-5/INFO] (STDOUT) OpenAL initialized.
[13:01:08] [Thread-4/INFO] (STDOUT) 
[13:01:08] [Minecraft main thread/INFO] (fishmodloader) [AW] Widened class: net.minecraft.GuiButton
[13:01:08] [Minecraft main thread/INFO] (STDOUT) Writing reference files... [failed]

[13:01:08] [Thread-8/ERROR] (STDOUT) Realms: Server not available!
[13:01:25] [Minecraft main thread/INFO] (fishmodloader) [AW] Widened class: net.minecraft.GuiTextField
[13:06:29] [Minecraft main thread/INFO] (STDOUT) Stopping!
[13:06:29] [Minecraft main thread/INFO] (STDOUT) 
[13:06:29] [Minecraft main thread/INFO] (STDOUT) SoundSystem shutting down...
[13:06:29] [Minecraft main thread/INFO] (STDOUT)     Author: Paul Lamb, www.paulscode.com
[13:06:29] [Minecraft main thread/INFO] (STDOUT) 
